nohup: ignoring input
2026-05-17 00:00:59,598 - INFO - ================================================================================
2026-05-17 00:00:59,598 - INFO - 🚀 솔라나 자동 매매 봇 시작 (텔레그램 알림 + 매매일지)
2026-05-17 00:00:59,598 - INFO - ================================================================================
2026-05-17 00:01:00,236 - INFO - ✅ Binance API 연결 성공
2026-05-17 00:01:00,236 - INFO -    계정 잔고: $587.53709790 USDT
2026-05-17 00:01:00,531 - INFO - 📱 텔레그램 메시지 전송 완료
2026-05-17 00:01:00,532 - INFO - 🤖 봇 초기화 완료
2026-05-17 00:01:00,532 - INFO -    종목: SOLUSDT
2026-05-17 00:01:00,532 - INFO -    초기 자본: $600
2026-05-17 00:01:00,532 - INFO -    레버리지: 5배
2026-05-17 00:01:00,532 - INFO - 
📊 전략 설정:
2026-05-17 00:01:00,532 - INFO -    PIVOT_LOOKBACK: 5
2026-05-17 00:01:00,532 - INFO -    RR_RATIO: 8.0
2026-05-17 00:01:00,532 - INFO -    수수료: 0.07%

================================================================================
⏰ 2026-05-17 00:01:00
================================================================================
현재가: $86.40
자본: $600.00 (초기: $600)
수익률: 0.00%

대기 중... (추세: 📈)

📈 거래 통계:
   총 거래: 0
   익절: 0
   손절: 0
   승률: 0.0%
================================================================================


================================================================================
⏰ 2026-05-17 01:01:01
================================================================================
현재가: $86.42
자본: $600.00 (초기: $600)
수익률: 0.00%

대기 중... (추세: 📈)

📈 거래 통계:
   총 거래: 0
   익절: 0
   손절: 0
   승률: 0.0%
================================================================================


================================================================================
⏰ 2026-05-17 02:01:01
================================================================================
현재가: $86.64
자본: $600.00 (초기: $600)
수익률: 0.00%

대기 중... (추세: 📈)

📈 거래 통계:
   총 거래: 0
   익절: 0
   손절: 0
   승률: 0.0%
================================================================================


================================================================================
⏰ 2026-05-17 03:01:01
================================================================================
현재가: $86.76
자본: $600.00 (초기: $600)
수익률: 0.00%

대기 중... (추세: 📈)

📈 거래 통계:
   총 거래: 0
   익절: 0
   손절: 0
   승률: 0.0%
================================================================================


================================================================================
⏰ 2026-05-17 04:01:02
================================================================================
현재가: $86.75
자본: $600.00 (초기: $600)
수익률: 0.00%

대기 중... (추세: 📈)

📈 거래 통계:
   총 거래: 0
   익절: 0
   손절: 0
   승률: 0.0%
================================================================================


================================================================================
⏰ 2026-05-17 05:01:02
================================================================================
현재가: $86.64
자본: $600.00 (초기: $600)
수익률: 0.00%

대기 중... (추세: 📈)

📈 거래 통계:
   총 거래: 0
   익절: 0
   손절: 0
   승률: 0.0%
================================================================================


================================================================================
⏰ 2026-05-17 06:01:02
================================================================================
현재가: $86.65
자본: $600.00 (초기: $600)
수익률: 0.00%

대기 중... (추세: 📈)

📈 거래 통계:
   총 거래: 0
   익절: 0
   손절: 0
   승률: 0.0%
================================================================================


================================================================================
⏰ 2026-05-17 07:01:02
================================================================================
현재가: $86.56
자본: $600.00 (초기: $600)
수익률: 0.00%

대기 중... (추세: 📈)

📈 거래 통계:
   총 거래: 0
   익절: 0
   손절: 0
   승률: 0.0%
================================================================================


================================================================================
⏰ 2026-05-17 08:01:03
================================================================================
현재가: $86.47
자본: $600.00 (초기: $600)
수익률: 0.00%

대기 중... (추세: 📈)

📈 거래 통계:
   총 거래: 0
   익절: 0
   손절: 0
   승률: 0.0%
================================================================================


================================================================================
⏰ 2026-05-17 09:01:03
================================================================================
현재가: $86.58
자본: $600.00 (초기: $600)
수익률: 0.00%

대기 중... (추세: 📈)

📈 거래 통계:
   총 거래: 0
   익절: 0
   손절: 0
   승률: 0.0%
================================================================================


================================================================================
⏰ 2026-05-17 10:01:03
================================================================================
현재가: $86.07
자본: $600.00 (초기: $600)
수익률: 0.00%

대기 중... (추세: 📈)

📈 거래 통계:
   총 거래: 0
   익절: 0
   손절: 0
   승률: 0.0%
================================================================================


================================================================================
⏰ 2026-05-17 11:01:04
================================================================================
현재가: $85.81
자본: $600.00 (초기: $600)
수익률: 0.00%

대기 중... (추세: 📈)

📈 거래 통계:
   총 거래: 0
   익절: 0
   손절: 0
   승률: 0.0%
================================================================================


================================================================================
⏰ 2026-05-17 12:01:04
================================================================================
현재가: $86.02
자본: $600.00 (초기: $600)
수익률: 0.00%

대기 중... (추세: 📈)

📈 거래 통계:
   총 거래: 0
   익절: 0
   손절: 0
   승률: 0.0%
================================================================================


================================================================================
⏰ 2026-05-17 13:01:04
================================================================================
현재가: $86.45
자본: $600.00 (초기: $600)
수익률: 0.00%

대기 중... (추세: 📈)

📈 거래 통계:
   총 거래: 0
   익절: 0
   손절: 0
   승률: 0.0%
================================================================================


================================================================================
⏰ 2026-05-17 14:01:05
================================================================================
현재가: $86.82
자본: $600.00 (초기: $600)
수익률: 0.00%

대기 중... (추세: 📈)

📈 거래 통계:
   총 거래: 0
   익절: 0
   손절: 0
   승률: 0.0%
================================================================================


================================================================================
⏰ 2026-05-17 15:01:05
================================================================================
현재가: $86.88
자본: $600.00 (초기: $600)
수익률: 0.00%

대기 중... (추세: 📈)

📈 거래 통계:
   총 거래: 0
   익절: 0
   손절: 0
   승률: 0.0%
================================================================================


================================================================================
⏰ 2026-05-17 16:01:05
================================================================================
현재가: $86.81
자본: $600.00 (초기: $600)
수익률: 0.00%

대기 중... (추세: 📈)

📈 거래 통계:
   총 거래: 0
   익절: 0
   손절: 0
   승률: 0.0%
================================================================================


================================================================================
⏰ 2026-05-17 17:01:06
================================================================================
현재가: $86.90
자본: $600.00 (초기: $600)
수익률: 0.00%

대기 중... (추세: 📈)

📈 거래 통계:
   총 거래: 0
   익절: 0
   손절: 0
   승률: 0.0%
================================================================================


================================================================================
⏰ 2026-05-17 18:01:06
================================================================================
현재가: $86.77
자본: $600.00 (초기: $600)
수익률: 0.00%

대기 중... (추세: 📈)

📈 거래 통계:
   총 거래: 0
   익절: 0
   손절: 0
   승률: 0.0%
================================================================================


================================================================================
⏰ 2026-05-17 19:01:06
================================================================================
현재가: $86.85
자본: $600.00 (초기: $600)
수익률: 0.00%

대기 중... (추세: 📈)

📈 거래 통계:
   총 거래: 0
   익절: 0
   손절: 0
   승률: 0.0%
================================================================================


================================================================================
⏰ 2026-05-17 20:01:06
================================================================================
현재가: $86.87
자본: $600.00 (초기: $600)
수익률: 0.00%

대기 중... (추세: 📈)

📈 거래 통계:
   총 거래: 0
   익절: 0
   손절: 0
   승률: 0.0%
================================================================================


================================================================================
⏰ 2026-05-17 21:01:07
================================================================================
현재가: $86.85
자본: $600.00 (초기: $600)
수익률: 0.00%

대기 중... (추세: 📈)

📈 거래 통계:
   총 거래: 0
   익절: 0
   손절: 0
   승률: 0.0%
================================================================================


================================================================================
⏰ 2026-05-17 22:01:07
================================================================================
현재가: $86.67
자본: $600.00 (초기: $600)
수익률: 0.00%

대기 중... (추세: 📈)

📈 거래 통계:
   총 거래: 0
   익절: 0
   손절: 0
   승률: 0.0%
================================================================================


================================================================================
⏰ 2026-05-17 23:01:07
================================================================================
현재가: $86.21
자본: $600.00 (초기: $600)
수익률: 0.00%

대기 중... (추세: 📈)

📈 거래 통계:
   총 거래: 0
   익절: 0
   손절: 0
   승률: 0.0%
================================================================================


================================================================================
⏰ 2026-05-18 00:01:08
================================================================================
현재가: $86.15
자본: $600.00 (초기: $600)
수익률: 0.00%

대기 중... (추세: 📈)

📈 거래 통계:
   총 거래: 0
   익절: 0
   손절: 0
   승률: 0.0%
================================================================================


================================================================================
⏰ 2026-05-18 01:01:08
================================================================================
현재가: $86.44
자본: $600.00 (초기: $600)
수익률: 0.00%

대기 중... (추세: 📈)

📈 거래 통계:
   총 거래: 0
   익절: 0
   손절: 0
   승률: 0.0%
================================================================================


================================================================================
⏰ 2026-05-18 02:01:08
================================================================================
현재가: $86.22
자본: $600.00 (초기: $600)
수익률: 0.00%

대기 중... (추세: 📈)

📈 거래 통계:
   총 거래: 0
   익절: 0
   손절: 0
   승률: 0.0%
================================================================================


================================================================================
⏰ 2026-05-18 03:01:09
================================================================================
현재가: $86.20
자본: $600.00 (초기: $600)
수익률: 0.00%

대기 중... (추세: 📈)

📈 거래 통계:
   총 거래: 0
   익절: 0
   손절: 0
   승률: 0.0%
================================================================================


================================================================================
⏰ 2026-05-18 04:01:09
================================================================================
현재가: $86.41
자본: $600.00 (초기: $600)
수익률: 0.00%

대기 중... (추세: 📈)

📈 거래 통계:
   총 거래: 0
   익절: 0
   손절: 0
   승률: 0.0%
================================================================================


================================================================================
⏰ 2026-05-18 05:01:09
================================================================================
현재가: $86.79
자본: $600.00 (초기: $600)
수익률: 0.00%

대기 중... (추세: 📈)

📈 거래 통계:
   총 거래: 0
   익절: 0
   손절: 0
   승률: 0.0%
================================================================================


================================================================================
⏰ 2026-05-18 06:01:10
================================================================================
현재가: $86.60
자본: $600.00 (초기: $600)
수익률: 0.00%

대기 중... (추세: 📈)

📈 거래 통계:
   총 거래: 0
   익절: 0
   손절: 0
   승률: 0.0%
================================================================================


================================================================================
⏰ 2026-05-18 07:01:10
================================================================================
현재가: $86.74
자본: $600.00 (초기: $600)
수익률: 0.00%

대기 중... (추세: 📈)

📈 거래 통계:
   총 거래: 0
   익절: 0
   손절: 0
   승률: 0.0%
================================================================================


================================================================================
⏰ 2026-05-18 08:01:10
================================================================================
현재가: $86.15
자본: $600.00 (초기: $600)
수익률: 0.00%

대기 중... (추세: 📈)

📈 거래 통계:
   총 거래: 0
   익절: 0
   손절: 0
   승률: 0.0%
================================================================================


================================================================================
⏰ 2026-05-18 09:01:10
================================================================================
현재가: $84.96
자본: $600.00 (초기: $600)
수익률: 0.00%

대기 중... (추세: 📈)

📈 거래 통계:
   총 거래: 0
   익절: 0
   손절: 0
   승률: 0.0%
================================================================================


================================================================================
⏰ 2026-05-18 10:01:11
================================================================================
현재가: $85.26
자본: $600.00 (초기: $600)
수익률: 0.00%

대기 중... (추세: 📈)

📈 거래 통계:
   총 거래: 0
   익절: 0
   손절: 0
   승률: 0.0%
================================================================================


================================================================================
⏰ 2026-05-18 11:01:11
================================================================================
현재가: $84.85
자본: $600.00 (초기: $600)
수익률: 0.00%

대기 중... (추세: 📈)

📈 거래 통계:
   총 거래: 0
   익절: 0
   손절: 0
   승률: 0.0%
================================================================================


================================================================================
⏰ 2026-05-18 12:01:11
================================================================================
현재가: $84.94
자본: $600.00 (초기: $600)
수익률: 0.00%

대기 중... (추세: 📈)

📈 거래 통계:
   총 거래: 0
   익절: 0
   손절: 0
   승률: 0.0%
================================================================================


================================================================================
⏰ 2026-05-18 13:01:12
================================================================================
현재가: $84.87
자본: $600.00 (초기: $600)
수익률: 0.00%

대기 중... (추세: 📈)

📈 거래 통계:
   총 거래: 0
   익절: 0
   손절: 0
   승률: 0.0%
================================================================================


================================================================================
⏰ 2026-05-18 14:01:12
================================================================================
현재가: $85.25
자본: $600.00 (초기: $600)
수익률: 0.00%

대기 중... (추세: 📈)

📈 거래 통계:
   총 거래: 0
   익절: 0
   손절: 0
   승률: 0.0%
================================================================================


================================================================================
⏰ 2026-05-18 15:01:12
================================================================================
현재가: $84.87
자본: $600.00 (초기: $600)
수익률: 0.00%

대기 중... (추세: 📈)

📈 거래 통계:
   총 거래: 0
   익절: 0
   손절: 0
   승률: 0.0%
================================================================================


================================================================================
⏰ 2026-05-18 16:01:13
================================================================================
현재가: $84.80
자본: $600.00 (초기: $600)
수익률: 0.00%

대기 중... (추세: 📈)

📈 거래 통계:
   총 거래: 0
   익절: 0
   손절: 0
   승률: 0.0%
================================================================================


================================================================================
⏰ 2026-05-18 17:01:13
================================================================================
현재가: $84.77
자본: $600.00 (초기: $600)
수익률: 0.00%

대기 중... (추세: 📈)

📈 거래 통계:
   총 거래: 0
   익절: 0
   손절: 0
   승률: 0.0%
================================================================================


================================================================================
⏰ 2026-05-18 18:01:13
================================================================================
현재가: $84.82
자본: $600.00 (초기: $600)
수익률: 0.00%

대기 중... (추세: 📈)

📈 거래 통계:
   총 거래: 0
   익절: 0
   손절: 0
   승률: 0.0%
================================================================================


================================================================================
⏰ 2026-05-18 19:01:14
================================================================================
현재가: $84.44
자본: $600.00 (초기: $600)
수익률: 0.00%

대기 중... (추세: 📈)

📈 거래 통계:
   총 거래: 0
   익절: 0
   손절: 0
   승률: 0.0%
================================================================================


================================================================================
⏰ 2026-05-18 20:01:14
================================================================================
현재가: $84.15
자본: $600.00 (초기: $600)
수익률: 0.00%

대기 중... (추세: 📈)

📈 거래 통계:
   총 거래: 0
   익절: 0
   손절: 0
   승률: 0.0%
================================================================================


================================================================================
⏰ 2026-05-18 21:01:14
================================================================================
현재가: $85.12
자본: $600.00 (초기: $600)
수익률: 0.00%

대기 중... (추세: 📈)

📈 거래 통계:
   총 거래: 0
   익절: 0
   손절: 0
   승률: 0.0%
================================================================================


================================================================================
⏰ 2026-05-18 22:01:14
================================================================================
현재가: $85.49
자본: $600.00 (초기: $600)
수익률: 0.00%

대기 중... (추세: 📈)

📈 거래 통계:
   총 거래: 0
   익절: 0
   손절: 0
   승률: 0.0%
================================================================================


================================================================================
⏰ 2026-05-18 23:01:15
================================================================================
현재가: $84.50
자본: $600.00 (초기: $600)
수익률: 0.00%

대기 중... (추세: 📈)

📈 거래 통계:
   총 거래: 0
   익절: 0
   손절: 0
   승률: 0.0%
================================================================================


================================================================================
⏰ 2026-05-19 00:01:15
================================================================================
현재가: $83.76
자본: $600.00 (초기: $600)
수익률: 0.00%

대기 중... (추세: 📈)

📈 거래 통계:
   총 거래: 0
   익절: 0
   손절: 0
   승률: 0.0%
================================================================================


================================================================================
⏰ 2026-05-19 01:01:15
================================================================================
현재가: $84.07
자본: $600.00 (초기: $600)
수익률: 0.00%

대기 중... (추세: 📈)

📈 거래 통계:
   총 거래: 0
   익절: 0
   손절: 0
   승률: 0.0%
================================================================================


================================================================================
⏰ 2026-05-19 02:01:16
================================================================================
현재가: $84.23
자본: $600.00 (초기: $600)
수익률: 0.00%

대기 중... (추세: 📈)

📈 거래 통계:
   총 거래: 0
   익절: 0
   손절: 0
   승률: 0.0%
================================================================================


================================================================================
⏰ 2026-05-19 03:01:16
================================================================================
현재가: $84.36
자본: $600.00 (초기: $600)
수익률: 0.00%

대기 중... (추세: 📈)

📈 거래 통계:
   총 거래: 0
   익절: 0
   손절: 0
   승률: 0.0%
================================================================================


================================================================================
⏰ 2026-05-19 04:01:16
================================================================================
현재가: $83.72
자본: $600.00 (초기: $600)
수익률: 0.00%

대기 중... (추세: 📈)

📈 거래 통계:
   총 거래: 0
   익절: 0
   손절: 0
   승률: 0.0%
================================================================================


================================================================================
⏰ 2026-05-19 05:01:17
================================================================================
현재가: $85.15
자본: $600.00 (초기: $600)
수익률: 0.00%

대기 중... (추세: 📈)

📈 거래 통계:
   총 거래: 0
   익절: 0
   손절: 0
   승률: 0.0%
================================================================================


================================================================================
⏰ 2026-05-19 06:01:17
================================================================================
현재가: $84.83
자본: $600.00 (초기: $600)
수익률: 0.00%

대기 중... (추세: 📈)

📈 거래 통계:
   총 거래: 0
   익절: 0
   손절: 0
   승률: 0.0%
================================================================================


================================================================================
⏰ 2026-05-19 07:01:17
================================================================================
현재가: $85.53
자본: $600.00 (초기: $600)
수익률: 0.00%

대기 중... (추세: 📈)

📈 거래 통계:
   총 거래: 0
   익절: 0
   손절: 0
   승률: 0.0%
================================================================================


================================================================================
⏰ 2026-05-19 08:01:18
================================================================================
현재가: $85.42
자본: $600.00 (초기: $600)
수익률: 0.00%

대기 중... (추세: 📈)

📈 거래 통계:
   총 거래: 0
   익절: 0
   손절: 0
   승률: 0.0%
================================================================================


================================================================================
⏰ 2026-05-19 09:01:18
================================================================================
현재가: $85.33
자본: $600.00 (초기: $600)
수익률: 0.00%

대기 중... (추세: 📈)

📈 거래 통계:
   총 거래: 0
   익절: 0
   손절: 0
   승률: 0.0%
================================================================================


================================================================================
⏰ 2026-05-19 10:01:18
================================================================================
현재가: $85.44
자본: $600.00 (초기: $600)
수익률: 0.00%

대기 중... (추세: 📈)

📈 거래 통계:
   총 거래: 0
   익절: 0
   손절: 0
   승률: 0.0%
================================================================================


================================================================================
⏰ 2026-05-19 11:01:18
================================================================================
현재가: $84.87
자본: $600.00 (초기: $600)
수익률: 0.00%

대기 중... (추세: 📈)

📈 거래 통계:
   총 거래: 0
   익절: 0
   손절: 0
   승률: 0.0%
================================================================================


================================================================================
⏰ 2026-05-19 12:01:19
================================================================================
현재가: $84.76
자본: $600.00 (초기: $600)
수익률: 0.00%

대기 중... (추세: 📈)

📈 거래 통계:
   총 거래: 0
   익절: 0
   손절: 0
   승률: 0.0%
================================================================================


================================================================================
⏰ 2026-05-19 13:01:19
================================================================================
현재가: $84.96
자본: $600.00 (초기: $600)
수익률: 0.00%

대기 중... (추세: 📈)

📈 거래 통계:
   총 거래: 0
   익절: 0
   손절: 0
   승률: 0.0%
================================================================================


================================================================================
⏰ 2026-05-19 14:01:19
================================================================================
현재가: $85.09
자본: $600.00 (초기: $600)
수익률: 0.00%

대기 중... (추세: 📈)

📈 거래 통계:
   총 거래: 0
   익절: 0
   손절: 0
   승률: 0.0%
================================================================================


================================================================================
⏰ 2026-05-19 15:01:20
================================================================================
현재가: $85.08
자본: $600.00 (초기: $600)
수익률: 0.00%

대기 중... (추세: 📈)

📈 거래 통계:
   총 거래: 0
   익절: 0
   손절: 0
   승률: 0.0%
================================================================================


================================================================================
⏰ 2026-05-19 16:01:20
================================================================================
현재가: $85.16
자본: $600.00 (초기: $600)
수익률: 0.00%

대기 중... (추세: 📈)

📈 거래 통계:
   총 거래: 0
   익절: 0
   손절: 0
   승률: 0.0%
================================================================================


================================================================================
⏰ 2026-05-19 17:01:20
================================================================================
현재가: $85.37
자본: $600.00 (초기: $600)
수익률: 0.00%

대기 중... (추세: 📈)

📈 거래 통계:
   총 거래: 0
   익절: 0
   손절: 0
   승률: 0.0%
================================================================================


================================================================================
⏰ 2026-05-19 18:01:21
================================================================================
현재가: $85.21
자본: $600.00 (초기: $600)
수익률: 0.00%

대기 중... (추세: 📈)

📈 거래 통계:
   총 거래: 0
   익절: 0
   손절: 0
   승률: 0.0%
================================================================================


================================================================================
⏰ 2026-05-19 19:01:21
================================================================================
현재가: $84.66
자본: $600.00 (초기: $600)
수익률: 0.00%

대기 중... (추세: 📈)

📈 거래 통계:
   총 거래: 0
   익절: 0
   손절: 0
   승률: 0.0%
================================================================================


================================================================================
⏰ 2026-05-19 20:01:21
================================================================================
현재가: $84.67
자본: $600.00 (초기: $600)
수익률: 0.00%

대기 중... (추세: 📈)

📈 거래 통계:
   총 거래: 0
   익절: 0
   손절: 0
   승률: 0.0%
================================================================================


================================================================================
⏰ 2026-05-19 21:01:22
================================================================================
현재가: $84.28
자본: $600.00 (초기: $600)
수익률: 0.00%

대기 중... (추세: 📈)

📈 거래 통계:
   총 거래: 0
   익절: 0
   손절: 0
   승률: 0.0%
================================================================================


================================================================================
⏰ 2026-05-19 22:01:22
================================================================================
현재가: $84.75
자본: $600.00 (초기: $600)
수익률: 0.00%

대기 중... (추세: 📈)

📈 거래 통계:
   총 거래: 0
   익절: 0
   손절: 0
   승률: 0.0%
================================================================================


================================================================================
⏰ 2026-05-19 23:01:22
================================================================================
현재가: $84.59
자본: $600.00 (초기: $600)
수익률: 0.00%

대기 중... (추세: 📈)

📈 거래 통계:
   총 거래: 0
   익절: 0
   손절: 0
   승률: 0.0%
================================================================================


================================================================================
⏰ 2026-05-20 00:01:22
================================================================================
현재가: $84.13
자본: $600.00 (초기: $600)
수익률: 0.00%

대기 중... (추세: 📈)

📈 거래 통계:
   총 거래: 0
   익절: 0
   손절: 0
   승률: 0.0%
================================================================================


================================================================================
⏰ 2026-05-20 01:01:23
================================================================================
현재가: $84.29
자본: $600.00 (초기: $600)
수익률: 0.00%

대기 중... (추세: 📈)

📈 거래 통계:
   총 거래: 0
   익절: 0
   손절: 0
   승률: 0.0%
================================================================================
